0x0000   -- --          START
0x0000   18 06          ABA               LI=2
0x0002   89 ii          ADCA   #24        LI=2
0x4000   -- --          ORG
0x4000   18 06          ABA               LI=2
0x4002   89 ii          ADCA   #30        LI=2
0x4004   99 dd          ADCA   30         LI=2
0x4006   B9 hh ll       ADCA   300        LI=3
0x4009   C3 ii jj       ADDD   #15        LI=3
0x400c   D3 dd          ADDD   15         LI=2
0x400e   26 rr          BNE    INICIO     LI=2
0x4010   26 rr          BNE    FIN        LI=2
0x4012   04 lb rr       DBEQ   A,INICIO   LI=3
0x4015   04 lb rr       DBEQ   B,INICIO   LI=3
0x4018   04 lb rr       DBEQ   B,FIN      LI=3
0x401b   18 26 qq rr    LBNE   VAR2       LI=4
0x401f   05 05             DC.B
0x4021   00 0A 00 0A             DC.W
0x4025   00 00 00              BSZ
0x4028   -- --          END
